<?xml version="1.0" encoding="UTF-8"?>
<testng-results skipped="0" failed="0" ignored="0" total="1" passed="1">
  <reporter-output>
  </reporter-output>
  <suite name="Default suite" duration-ms="81" started-at="2018-06-30T18:51:22Z" finished-at="2018-06-30T18:51:22Z">
    <groups>
    </groups>
    <test name="Default test" duration-ms="81" started-at="2018-06-30T18:51:22Z" finished-at="2018-06-30T18:51:22Z">
      <class name="com.Mukesh.MukeshDataDriven.JenkinsDemo">
        <test-method status="PASS" signature="demo()[pri:0, instance:com.Mukesh.MukeshDataDriven.JenkinsDemo@61832929]" name="demo" duration-ms="14" started-at="2018-06-30T18:51:22Z" finished-at="2018-06-30T18:51:22Z">
          <reporter-output>
          </reporter-output>
        </test-method> <!-- demo -->
      </class> <!-- com.Mukesh.MukeshDataDriven.JenkinsDemo -->
    </test> <!-- Default test -->
  </suite> <!-- Default suite -->
</testng-results>
